[debug] [2025-09-28T07:25:00.058Z] ----------------------------------------------------------------------
[debug] [2025-09-28T07:25:00.063Z] Command:       C:\Program Files\nodejs\node.exe C:\Users\hasan\AppData\Roaming\npm\node_modules\firebase-tools\lib\bin\firebase.js init
[debug] [2025-09-28T07:25:00.064Z] CLI Version:   14.17.0
[debug] [2025-09-28T07:25:00.064Z] Platform:      win32
[debug] [2025-09-28T07:25:00.065Z] Node Version:  v22.15.0
[debug] [2025-09-28T07:25:00.065Z] Time:          Sun Sep 28 2025 13:25:00 GMT+0600 (Bangladesh Standard Time)
[debug] [2025-09-28T07:25:00.066Z] ----------------------------------------------------------------------
[debug] 
[debug] [2025-09-28T07:25:00.552Z] > command requires scopes: ["email","openid","https://www.googleapis.com/auth/cloudplatformprojects.readonly","https://www.googleapis.com/auth/firebase","https://www.googleapis.com/auth/cloud-platform"]
[debug] [2025-09-28T07:25:00.553Z] > authorizing via signed-in user (robinhossen8428@gmail.com)
[info] 
     ######## #### ########  ######## ########     ###     ######  ########
     ##        ##  ##     ## ##       ##     ##  ##   ##  ##       ##
     ######    ##  ########  ######   ########  #########  ######  ######
     ##        ##  ##    ##  ##       ##     ## ##     ##       ## ##
     ##       #### ##     ## ######## ########  ##     ##  ######  ########

You're about to initialize a Firebase project in this directory:

  C:\Users\hasan\hobby-lamberghini-car-clicent-ass-10

Before we get started, keep in mind:

  * You are initializing within an existing Firebase project directory

[info] 
=== Project Setup
[info] 
[info] First, let's associate this project directory with a Firebase project.
[info] You can create multiple project aliases by running firebase use --add, 
[info] but for now we'll just set up a default project.
[info] 
[debug] [2025-09-28T07:25:16.669Z] Using project from CLI flag: hobby-lamberghini-car-app
[debug] [2025-09-28T07:25:16.672Z] Checked if tokens are valid: true, expires at: 1759047877834
[debug] [2025-09-28T07:25:16.672Z] Checked if tokens are valid: true, expires at: 1759047877834
[debug] [2025-09-28T07:25:16.674Z] >>> [apiv2][query] GET https://firebase.googleapis.com/v1beta1/projects/hobby-lamberghini-car-app [none]
[debug] [2025-09-28T07:25:17.924Z] <<< [apiv2][status] GET https://firebase.googleapis.com/v1beta1/projects/hobby-lamberghini-car-app 200
[debug] [2025-09-28T07:25:17.925Z] <<< [apiv2][body] GET https://firebase.googleapis.com/v1beta1/projects/hobby-lamberghini-car-app {"projectId":"hobby-lamberghini-car-app","projectNumber":"915776857474","displayName":"hobby-lamberghini-car-app","name":"projects/hobby-lamberghini-car-app","resources":{"hostingSite":"hobby-lamberghini-car-app"},"state":"ACTIVE","etag":"1_9052be7c-2fad-4b35-aa7d-02f89e336728"}
[info] i  Using project hobby-lamberghini-car-app (hobby-lamberghini-car-app) 
[info] 
=== Hosting Setup
[debug] [2025-09-28T07:25:18.350Z] Checked if tokens are valid: true, expires at: 1759047877834
[debug] [2025-09-28T07:25:18.350Z] Checked if tokens are valid: true, expires at: 1759047877834
[debug] [2025-09-28T07:25:18.350Z] >>> [apiv2][query] GET https://firebase.googleapis.com/v1beta1/projects/hobby-lamberghini-car-app [none]
[debug] [2025-09-28T07:25:19.021Z] <<< [apiv2][status] GET https://firebase.googleapis.com/v1beta1/projects/hobby-lamberghini-car-app 200
[debug] [2025-09-28T07:25:19.022Z] <<< [apiv2][body] GET https://firebase.googleapis.com/v1beta1/projects/hobby-lamberghini-car-app {"projectId":"hobby-lamberghini-car-app","projectNumber":"915776857474","displayName":"hobby-lamberghini-car-app","name":"projects/hobby-lamberghini-car-app","resources":{"hostingSite":"hobby-lamberghini-car-app"},"state":"ACTIVE","etag":"1_9052be7c-2fad-4b35-aa7d-02f89e336728"}
[info] 
[info] Your public directory is the folder (relative to your project directory) that
[info] will contain Hosting assets to be uploaded with firebase deploy. If you
[info] have a build process for your assets, use your build's output directory.
[info] 
[debug] [2025-09-28T07:25:40.595Z] >>> [apiv2][query] GET https://www.gstatic.com/firebasejs/releases.json [none]
[debug] [2025-09-28T07:25:40.986Z] <<< [apiv2][status] GET https://www.gstatic.com/firebasejs/releases.json 200
[debug] [2025-09-28T07:25:40.987Z] <<< [apiv2][body] GET https://www.gstatic.com/firebasejs/releases.json {"current":{"version":"12.3.0","browserURL":"https://www.gstatic.com/firebasejs/12.3.0/firebase.js","packageURL":"https://www.gstatic.com/firebasejs/12.3.0/firebase.tgz"},"live":{"version":"12.3","browserURL":"https://www.gstatic.com/firebasejs/live/12.3/firebase.js","packageURL":"https://www.gstatic.com/firebasejs/live/12.3/firebase.tgz"},"components":{"ai":"https://www.gstatic.com/firebasejs/12.3.0/firebase-ai.js","analytics":"https://www.gstatic.com/firebasejs/12.3.0/firebase-analytics.js","app":"https://www.gstatic.com/firebasejs/12.3.0/firebase-app.js","app-check":"https://www.gstatic.com/firebasejs/12.3.0/firebase-app-check.js","auth":"https://www.gstatic.com/firebasejs/12.3.0/firebase-auth.js","auth/cordova":"https://www.gstatic.com/firebasejs/12.3.0/firebase-auth/cordova.js","auth/web-extension":"https://www.gstatic.com/firebasejs/12.3.0/firebase-auth/web-extension.js","functions":"https://www.gstatic.com/firebasejs/12.3.0/firebase-functions.js","firestore":"https://www.gstatic.com/firebasejs/12.3.0/firebase-firestore.js","firestore/lite":"https://www.gstatic.com/firebasejs/12.3.0/firebase-firestore/lite.js","installations":"https://www.gstatic.com/firebasejs/12.3.0/firebase-installations.js","storage":"https://www.gstatic.com/firebasejs/12.3.0/firebase-storage.js","performance":"https://www.gstatic.com/firebasejs/12.3.0/firebase-performance.js","remote-config":"https://www.gstatic.com/firebasejs/12.3.0/firebase-remote-config.js","messaging":"https://www.gstatic.com/firebasejs/12.3.0/firebase-messaging.js","messaging/sw":"https://www.gstatic.com/firebasejs/12.3.0/firebase-messaging/sw.js","database":"https://www.gstatic.com/firebasejs/12.3.0/firebase-database.js","data-connect":"https://www.gstatic.com/firebasejs/12.3.0/firebase-data-connect.js","firestore.memory":"https://www.gstatic.com/firebasejs/12.3.0/firebase-firestore.memory.js"}}
[info] +  Wrote public/index.html 
[info] 
[info] i  Detected a .git folder at C:\Users\hasan\hobby-lamberghini-car-clicent-ass-10 
[info] i  Authorizing with GitHub to upload your service account to a GitHub repository's secrets store. 
[info] 
[info] Visit this URL on this device to log in:
[info] https://github.com/login/oauth/authorize?client_id=89cf50f02ac6aaed3484&state=468153146&redirect_uri=http%3A%2F%2Flocalhost%3A9005&scope=read%3Auser%20repo%20public_repo
[info] 
[info] Waiting for authentication...
